[
  {
    "level": "INFO",
    "message": "android.ndkVersion from module build.gradle is not set"
  },
  {
    "level": "INFO",
    "message": "ndk.dir in local.properties is C:\\Users\\llencses\\AppData\\Local\\Android\\Sdk\\ndk-bundle"
  },
  {
    "level": "INFO",
    "message": "ANDROID_NDK_HOME environment variable is not set"
  },
  {
    "level": "INFO",
    "message": "sdkFolder is C:\\Users\\llencses\\AppData\\Local\\Android\\Sdk"
  },
  {
    "level": "INFO",
    "message": "NDK side-by-side folder from sdkFolder C:\\Users\\llencses\\AppData\\Local\\Android\\Sdk\\ndk does not exist"
  },
  {
    "level": "INFO",
    "message": "Considering C:\\Users\\llencses\\AppData\\Local\\Android\\Sdk\\ndk-bundle by ndk.dir"
  },
  {
    "level": "INFO",
    "message": "Considering C:\\Users\\llencses\\AppData\\Local\\Android\\Sdk\\ndk-bundle in SDK ndk-bundle folder"
  },
  {
    "level": "INFO",
    "message": "Found requested ndk.dir (C:\\Users\\llencses\\AppData\\Local\\Android\\Sdk\\ndk-bundle) which has version 21.0.6113669"
  }
]